[2025-11-14 09:26:01.526] [info] Using configuration file /home/fireflies/.config/waybar/config.jsonc
[2025-11-14 09:26:01.528] [info] Unable to receive desktop appearance: GDBus.Error:org.freedesktop.DBus.Error.UnknownMethod: No such interface “org.freedesktop.portal.Settings” on object at path /org/freedesktop/portal/desktop
[2025-11-14 09:26:01.528] [info] Using CSS file /home/fireflies/.config/waybar/style.css
[2025-11-14 09:26:01.535] [info] Hyprland IPC starting
[2025-11-14 09:26:01.539] [info] Loading persistent workspaces from Hyprland workspace rules
[2025-11-14 09:26:01.539] [warning] 'swap-icon-label' must be a bool.
[2025-11-14 09:26:01.678] [info] Bar configured (width: 1920, height: 42) for output: eDP-1
[2025-11-14 09:26:01.678] [error] Item '': No icon name or pixmap given.
[2025-11-14 09:26:01.709] [error] Item '': No icon name or pixmap given.

** (waybar:1108305): WARNING **: 09:26:01.710: Status Notifier Item with bus name ':1.14' and object path '/org/ayatana/NotificationItem/nm_applet' is already registered

(waybar:1108305): Gtk-CRITICAL **: 09:26:01.729: gtk_widget_set_accel_path: assertion 'GTK_IS_ACCEL_GROUP (accel_group)' failed

(waybar:1108305): Gtk-CRITICAL **: 09:26:01.729: gtk_widget_add_accelerator: assertion 'GTK_IS_ACCEL_GROUP (accel_group)' failed

(waybar:1108305): Gtk-CRITICAL **: 09:26:01.730: gtk_widget_set_accel_path: assertion 'GTK_IS_ACCEL_GROUP (accel_group)' failed

(waybar:1108305): Gtk-CRITICAL **: 09:26:01.730: gtk_widget_add_accelerator: assertion 'GTK_IS_ACCEL_GROUP (accel_group)' failed

** (waybar:1108305): WARNING **: 09:26:02.857: Status Notifier Item with bus name ':1.14' and object path '/org/ayatana/NotificationItem/nm_applet' is already registered
[2025-11-14 09:26:05.932] [info] Using configuration file /home/fireflies/.config/waybar/config.jsonc
[2025-11-14 09:26:05.934] [info] Unable to receive desktop appearance: GDBus.Error:org.freedesktop.DBus.Error.UnknownMethod: No such interface “org.freedesktop.portal.Settings” on object at path /org/freedesktop/portal/desktop
[2025-11-14 09:26:05.934] [info] Using CSS file /home/fireflies/.config/waybar/style.css
[2025-11-14 09:26:05.944] [info] Hyprland IPC starting
[2025-11-14 09:26:05.945] [info] Loading persistent workspaces from Hyprland workspace rules
[2025-11-14 09:26:05.946] [warning] 'swap-icon-label' must be a bool.
[2025-11-14 09:26:06.092] [info] Bar configured (width: 1920, height: 42) for output: eDP-1

** (waybar:1108660): WARNING **: 09:26:06.097: Status Notifier Item with bus name ':1.14' and object path '/org/ayatana/NotificationItem/nm_applet' is already registered

(waybar:1108660): Gtk-CRITICAL **: 09:26:06.122: gtk_widget_set_accel_path: assertion 'GTK_IS_ACCEL_GROUP (accel_group)' failed

(waybar:1108660): Gtk-CRITICAL **: 09:26:06.122: gtk_widget_add_accelerator: assertion 'GTK_IS_ACCEL_GROUP (accel_group)' failed

(waybar:1108660): Gtk-CRITICAL **: 09:26:06.129: gtk_widget_set_accel_path: assertion 'GTK_IS_ACCEL_GROUP (accel_group)' failed

(waybar:1108660): Gtk-CRITICAL **: 09:26:06.129: gtk_widget_add_accelerator: assertion 'GTK_IS_ACCEL_GROUP (accel_group)' failed

(waybar:1108660): Gtk-CRITICAL **: 09:26:06.130: gtk_widget_set_accel_path: assertion 'GTK_IS_ACCEL_GROUP (accel_group)' failed

(waybar:1108660): Gtk-CRITICAL **: 09:26:06.130: gtk_widget_add_accelerator: assertion 'GTK_IS_ACCEL_GROUP (accel_group)' failed

(waybar:1108660): Gtk-CRITICAL **: 09:26:06.131: gtk_widget_set_accel_path: assertion 'GTK_IS_ACCEL_GROUP (accel_group)' failed

(waybar:1108660): Gtk-CRITICAL **: 09:26:06.131: gtk_widget_add_accelerator: assertion 'GTK_IS_ACCEL_GROUP (accel_group)' failed

(waybar:1108660): Gtk-CRITICAL **: 09:26:06.133: gtk_widget_set_accel_path: assertion 'GTK_IS_ACCEL_GROUP (accel_group)' failed

(waybar:1108660): Gtk-CRITICAL **: 09:26:06.133: gtk_widget_add_accelerator: assertion 'GTK_IS_ACCEL_GROUP (accel_group)' failed

** (waybar:1108660): WARNING **: 09:26:07.856: Status Notifier Item with bus name ':1.14' and object path '/org/ayatana/NotificationItem/nm_applet' is already registered

(waybar:1108660): LIBDBUSMENU-GLIB-WARNING **: 09:26:25.718: Unable to replace properties on 0: Error getting properties for ID

(waybar:1108660): LIBDBUSMENU-GLIB-WARNING **: 09:26:25.916: Unable to replace properties on 0: Error getting properties for ID

(waybar:1108660): Gtk-CRITICAL **: 09:41:49.127: gtk_widget_set_accel_path: assertion 'GTK_IS_ACCEL_GROUP (accel_group)' failed

(waybar:1108660): Gtk-CRITICAL **: 09:41:49.127: gtk_widget_add_accelerator: assertion 'GTK_IS_ACCEL_GROUP (accel_group)' failed

(waybar:1108660): Gtk-CRITICAL **: 09:42:00.815: gtk_widget_set_accel_path: assertion 'GTK_IS_ACCEL_GROUP (accel_group)' failed

(waybar:1108660): Gtk-CRITICAL **: 09:42:00.815: gtk_widget_add_accelerator: assertion 'GTK_IS_ACCEL_GROUP (accel_group)' failed

(waybar:1108660): Gtk-CRITICAL **: 10:00:05.745: gtk_widget_set_accel_path: assertion 'GTK_IS_ACCEL_GROUP (accel_group)' failed

(waybar:1108660): Gtk-CRITICAL **: 10:00:05.745: gtk_widget_add_accelerator: assertion 'GTK_IS_ACCEL_GROUP (accel_group)' failed

(waybar:1108660): Gtk-CRITICAL **: 10:00:06.792: gtk_widget_set_accel_path: assertion 'GTK_IS_ACCEL_GROUP (accel_group)' failed

(waybar:1108660): Gtk-CRITICAL **: 10:00:06.792: gtk_widget_add_accelerator: assertion 'GTK_IS_ACCEL_GROUP (accel_group)' failed

(waybar:1108660): Gtk-CRITICAL **: 10:00:32.984: gtk_widget_set_accel_path: assertion 'GTK_IS_ACCEL_GROUP (accel_group)' failed

(waybar:1108660): Gtk-CRITICAL **: 10:00:32.984: gtk_widget_add_accelerator: assertion 'GTK_IS_ACCEL_GROUP (accel_group)' failed

(waybar:1108660): Gtk-CRITICAL **: 10:03:25.210: gtk_widget_set_accel_path: assertion 'GTK_IS_ACCEL_GROUP (accel_group)' failed

(waybar:1108660): Gtk-CRITICAL **: 10:03:25.210: gtk_widget_add_accelerator: assertion 'GTK_IS_ACCEL_GROUP (accel_group)' failed

(waybar:1108660): Gtk-CRITICAL **: 10:03:28.751: gtk_widget_set_accel_path: assertion 'GTK_IS_ACCEL_GROUP (accel_group)' failed

(waybar:1108660): Gtk-CRITICAL **: 10:03:28.751: gtk_widget_add_accelerator: assertion 'GTK_IS_ACCEL_GROUP (accel_group)' failed

(waybar:1108660): Gtk-CRITICAL **: 10:06:18.723: gtk_widget_set_accel_path: assertion 'GTK_IS_ACCEL_GROUP (accel_group)' failed

(waybar:1108660): Gtk-CRITICAL **: 10:06:18.723: gtk_widget_add_accelerator: assertion 'GTK_IS_ACCEL_GROUP (accel_group)' failed

(waybar:1108660): Gtk-CRITICAL **: 10:20:01.580: gtk_widget_set_accel_path: assertion 'GTK_IS_ACCEL_GROUP (accel_group)' failed

(waybar:1108660): Gtk-CRITICAL **: 10:20:01.580: gtk_widget_add_accelerator: assertion 'GTK_IS_ACCEL_GROUP (accel_group)' failed

(waybar:1108660): Gtk-CRITICAL **: 10:20:03.282: gtk_widget_set_accel_path: assertion 'GTK_IS_ACCEL_GROUP (accel_group)' failed

(waybar:1108660): Gtk-CRITICAL **: 10:20:03.282: gtk_widget_add_accelerator: assertion 'GTK_IS_ACCEL_GROUP (accel_group)' failed

** (waybar:1108660): WARNING **: 10:25:18.193: Status Notifier Item with bus name ':1.14' and object path '/org/ayatana/NotificationItem/nm_applet' is already registered

(waybar:1108660): Gtk-CRITICAL **: 10:37:50.204: gtk_widget_set_accel_path: assertion 'GTK_IS_ACCEL_GROUP (accel_group)' failed

(waybar:1108660): Gtk-CRITICAL **: 10:37:50.204: gtk_widget_add_accelerator: assertion 'GTK_IS_ACCEL_GROUP (accel_group)' failed

(waybar:1108660): Gtk-CRITICAL **: 10:37:51.862: gtk_widget_set_accel_path: assertion 'GTK_IS_ACCEL_GROUP (accel_group)' failed

(waybar:1108660): Gtk-CRITICAL **: 10:37:51.862: gtk_widget_add_accelerator: assertion 'GTK_IS_ACCEL_GROUP (accel_group)' failed

(waybar:1108660): Gtk-CRITICAL **: 10:44:56.429: gtk_widget_set_accel_path: assertion 'GTK_IS_ACCEL_GROUP (accel_group)' failed

(waybar:1108660): Gtk-CRITICAL **: 10:44:56.429: gtk_widget_add_accelerator: assertion 'GTK_IS_ACCEL_GROUP (accel_group)' failed

(waybar:1108660): Gtk-CRITICAL **: 10:49:30.093: gtk_widget_set_accel_path: assertion 'GTK_IS_ACCEL_GROUP (accel_group)' failed

(waybar:1108660): Gtk-CRITICAL **: 10:49:30.093: gtk_widget_add_accelerator: assertion 'GTK_IS_ACCEL_GROUP (accel_group)' failed

(waybar:1108660): Gtk-CRITICAL **: 10:58:41.968: gtk_widget_set_accel_path: assertion 'GTK_IS_ACCEL_GROUP (accel_group)' failed

(waybar:1108660): Gtk-CRITICAL **: 10:58:41.968: gtk_widget_add_accelerator: assertion 'GTK_IS_ACCEL_GROUP (accel_group)' failed

** (waybar:1108660): WARNING **: 10:59:43.383: Status Notifier Item with bus name ':1.14' and object path '/org/ayatana/NotificationItem/nm_applet' is already registered

(waybar:1108660): Gtk-CRITICAL **: 10:59:44.740: gtk_widget_set_accel_path: assertion 'GTK_IS_ACCEL_GROUP (accel_group)' failed

(waybar:1108660): Gtk-CRITICAL **: 10:59:44.740: gtk_widget_add_accelerator: assertion 'GTK_IS_ACCEL_GROUP (accel_group)' failed

(waybar:1108660): Gtk-CRITICAL **: 11:05:44.745: gtk_widget_set_accel_path: assertion 'GTK_IS_ACCEL_GROUP (accel_group)' failed

(waybar:1108660): Gtk-CRITICAL **: 11:05:44.745: gtk_widget_add_accelerator: assertion 'GTK_IS_ACCEL_GROUP (accel_group)' failed

(waybar:1108660): Gtk-CRITICAL **: 11:06:08.710: gtk_widget_set_accel_path: assertion 'GTK_IS_ACCEL_GROUP (accel_group)' failed

(waybar:1108660): Gtk-CRITICAL **: 11:06:08.710: gtk_widget_add_accelerator: assertion 'GTK_IS_ACCEL_GROUP (accel_group)' failed

(waybar:1108660): Gtk-CRITICAL **: 11:06:23.875: gtk_widget_set_accel_path: assertion 'GTK_IS_ACCEL_GROUP (accel_group)' failed

(waybar:1108660): Gtk-CRITICAL **: 11:06:23.875: gtk_widget_add_accelerator: assertion 'GTK_IS_ACCEL_GROUP (accel_group)' failed

(waybar:1108660): Gtk-CRITICAL **: 11:06:32.814: gtk_widget_set_accel_path: assertion 'GTK_IS_ACCEL_GROUP (accel_group)' failed

(waybar:1108660): Gtk-CRITICAL **: 11:06:32.814: gtk_widget_add_accelerator: assertion 'GTK_IS_ACCEL_GROUP (accel_group)' failed
